文件夹GoStandard已经存在，跳过当前文件夹文件夹FileLogger已经存在，跳过当前文件夹文件夹Logger已经存在，跳过当前文件夹文件夹中文已经存在，跳过当前文件夹文件夹GoStandard已经存在，跳过当前文件夹文件Error.log已经存在，跳过当前文件文件夹FileLogger已经存在，跳过当前文件夹文件FileLogger.go已经存在，跳过当前文件文件夹Logger已经存在，跳过当前文件夹文件Logger.go已经存在，跳过当前文件文件a.txt已经存在，跳过当前文件文件b.txt已经存在，跳过当前文件文件debug.log已经存在，跳过当前文件文件go.mod已经存在，跳过当前文件文件main.exe已经存在，跳过当前文件文件main.go已经存在，跳过当前文件文件夹中文已经存在，跳过当前文件夹文件夹GoStandard已经存在，跳过当前文件夹
文件Error.log已经存在，跳过当前文件
文件夹FileLogger已经存在，跳过当前文件夹
文件FileLogger.go已经存在，跳过当前文件
文件夹Logger已经存在，跳过当前文件夹
文件Logger.go已经存在，跳过当前文件
文件a.txt已经存在，跳过当前文件
文件b.txt已经存在，跳过当前文件
文件debug.log已经存在，跳过当前文件
文件go.mod已经存在，跳过当前文件
文件main.exe已经存在，跳过当前文件
文件main.go已经存在，跳过当前文件
文件夹中文已经存在，跳过当前文件夹
文件夹GoStandard已经存在，跳过当前文件夹
文件Error.log已经存在，跳过当前文件
文件夹FileLogger已经存在，跳过当前文件夹
文件FileLogger.go已经存在，跳过当前文件
文件夹Logger已经存在，跳过当前文件夹
文件Logger.go已经存在，跳过当前文件
文件a.txt已经存在，跳过当前文件
文件b.txt已经存在，跳过当前文件
文件debug.log已经存在，跳过当前文件
文件go.mod已经存在，跳过当前文件
文件main.exe已经存在，跳过当前文件
文件main.go已经存在，跳过当前文件
文件夹中文已经存在，跳过当前文件夹
[2025-12-05 00:11:02]文件夹GoStandard已经存在，跳过当前文件夹
[2025-12-05 00:11:02]文件Error.log已经存在，跳过当前文件
[2025-12-05 00:11:02]文件夹FileLogger已经存在，跳过当前文件夹
[2025-12-05 00:11:02]文件FileLogger.go已经存在，跳过当前文件
[2025-12-05 00:11:02]文件夹Logger已经存在，跳过当前文件夹
[2025-12-05 00:11:02]文件Logger.go已经存在，跳过当前文件
[2025-12-05 00:11:02]文件a.txt已经存在，跳过当前文件
[2025-12-05 00:11:02]文件b.txt已经存在，跳过当前文件
[2025-12-05 00:11:02]文件debug.log已经存在，跳过当前文件
[2025-12-05 00:11:02]文件go.mod已经存在，跳过当前文件
[2025-12-05 00:11:02]文件main.exe已经存在，跳过当前文件
[2025-12-05 00:11:02]文件main.go已经存在，跳过当前文件
[2025-12-05 00:11:02]文件夹中文已经存在，跳过当前文件夹
